<?xml version="1.0" encoding="UTF-8"?>
<!-- Generated by org.testng.reporters.JUnitReportReporter -->
<testsuite hostname="DESKTOP-TSIB13E" failures="0" tests="6" name="testngTutorial.Test3" time="0.027" errors="0" timestamp="2024-12-29T19:43:43 IST" skipped="0">
  <testcase classname="testngTutorial.Test3" name="mobileSignoutHomeLoan" time="0.004"/>
  <system-out/>
  <testcase classname="testngTutorial.Test3" name="mobileLoginHomeLoan" time="0.014"/>
  <system-out/>
  <testcase classname="testngTutorial.Test3" name="mobileLoginHomeLoan" time="0.001"/>
  <system-out/>
  <testcase classname="testngTutorial.Test3" name="mobileSigninHomeLoan" time="0.002"/>
  <system-out/>
  <testcase classname="testngTutorial.Test3" name="webLoginHomeLoan" time="0.003"/>
  <system-out/>
  <testcase classname="testngTutorial.Test3" name="mobileLoginHomeLoan" time="0.003"/>
  <system-out/>
</testsuite> <!-- testngTutorial.Test3 -->
