<?xml version="1.0" encoding="UTF-8"?>
<!-- Generated by org.testng.reporters.JUnitReportReporter -->
<testsuite hostname="DESKTOP-TSIB13E" failures="0" tests="3" name="testngTutorial.Test4" time="0.003" errors="0" timestamp="2024-12-29T19:43:43 IST" skipped="0">
  <testcase classname="testngTutorial.Test4" name="apiLoginCarLoan" time="0.001"/>
  <system-out/>
  <testcase classname="testngTutorial.Test4" name="webLoginCarLoan" time="0.001"/>
  <system-out/>
  <testcase classname="testngTutorial.Test4" name="mobileLoginCarLoan" time="0.001"/>
  <system-out/>
</testsuite> <!-- testngTutorial.Test4 -->
