<?xml version="1.0" encoding="UTF-8"?>
<!-- Generated by org.testng.reporters.JUnitReportReporter -->
<testsuite hostname="DESKTOP-TSIB13E" failures="0" tests="1" name="testngTutorial.Test2" time="0.003" errors="0" timestamp="2024-12-29T19:43:43 IST" skipped="0">
  <testcase classname="testngTutorial.Test2" name="Demo3" time="0.003"/>
  <system-out/>
</testsuite> <!-- testngTutorial.Test2 -->
